Flutter crash report; please file at https://github.com/flutter/flutter/issues.

## command

flutter --no-color pub get

## exception

FileSystemException: FileSystemException: Cannot retrieve modification time, path = 'D:\FlutterFreebies2\FlutterWalkthrough\pubspec.yaml' (OS Error: The system cannot find the file specified.
, errno = 2)

```
#0      _File.throwIfError (dart:io/file_impl.dart:645:7)
#1      _File.lastModifiedSync (dart:io/file_impl.dart:449:5)
#2      ForwardingFile.lastModifiedSync (package:file/src/forwarding/forwarding_file.dart:55:43)
#3      _DefaultPub.get (package:flutter_tools/src/dart/pub.dart:194:21)
<asynchronous suspension>
#4      PackagesGetCommand._runPubGet (package:flutter_tools/src/commands/packages.dart:98:17)
#5      PackagesGetCommand.runCommand (package:flutter_tools/src/commands/packages.dart:128:11)
#6      FlutterCommand.verifyThenRunCommand (package:flutter_tools/src/runner/flutter_command.dart:615:18)
#7      _asyncThenWrapperHelper.<anonymous closure> (dart:async-patch/async_patch.dart:73:64)
#8      _rootRunUnary (dart:async/zone.dart:1134:38)
#9      _CustomZone.runUnary (dart:async/zone.dart:1031:19)
#10     _FutureListener.handleValue (dart:async/future_impl.dart:139:18)
#11     Future._propagateToListeners.handleValueCallback (dart:async/future_impl.dart:680:45)
#12     Future._propagateToListeners (dart:async/future_impl.dart:709:32)
#13     Future._completeWithValue (dart:async/future_impl.dart:524:5)
#14     Future._asyncComplete.<anonymous closure> (dart:async/future_impl.dart:554:7)
#15     _rootRun (dart:async/zone.dart:1126:13)
#16     _CustomZone.run (dart:async/zone.dart:1023:19)
#17     _CustomZone.runGuarded (dart:async/zone.dart:925:7)
#18     _CustomZone.bindCallbackGuarded.<anonymous closure> (dart:async/zone.dart:965:23)
#19     _microtaskLoop (dart:async/schedule_microtask.dart:43:21)
#20     _startMicrotaskLoop (dart:async/schedule_microtask.dart:52:5)
#21     _runPendingImmediateCallback (dart:isolate-patch/isolate_patch.dart:118:13)
#22     _RawReceivePortImpl._handleMessage (dart:isolate-patch/isolate_patch.dart:175:5)
```

## flutter doctor

```
[✓] Flutter (Channel stable, v1.12.13+hotfix.9, on Microsoft Windows [Version 10.0.18363.836], locale en-US)
    • Flutter version 1.12.13+hotfix.9 at C:\src\flutter
    • Framework revision f139b11009 (7 weeks ago), 2020-03-30 13:57:30 -0700
    • Engine revision af51afceb8
    • Dart version 2.7.2

[✓] Android toolchain - develop for Android devices (Android SDK version 29.0.2)
    • Android SDK at C:\Users\sasa_\AppData\Local\Android\sdk
    • Android NDK location not configured (optional; useful for native profiling support)
    • Platform android-29, build-tools 29.0.2
    • Java binary at: C:\Program Files\Android\Android Studio\jre\bin\java
    • Java version OpenJDK Runtime Environment (build 1.8.0_212-release-1586-b04)
    • All Android licenses accepted.

[✓] Android Studio (version 3.6)
    • Android Studio at C:\Program Files\Android\Android Studio
    • Flutter plugin version 45.1.1
    • Dart plugin version 192.8052
    • Java version OpenJDK Runtime Environment (build 1.8.0_212-release-1586-b04)

[!] VS Code (version 1.43.0)
    • VS Code at C:\Users\sasa_\AppData\Local\Programs\Microsoft VS Code
    ✗ Flutter extension not installed; install from
      https://marketplace.visualstudio.com/items?itemName=Dart-Code.flutter

[✓] Connected device (1 available)
    • Android SDK built for x86 • emulator-5554 • android-x86 • Android 10 (API 29) (emulator)

! Doctor found issues in 1 category.
```
